0000000 024   o   a   t   a   v   t   d   v   ,   z   d   l   j   ,   g
0000020   n   u   m   g   o   ,   u   z   s   w  \0   c   u   w   c   k
0000040   x   y   m   u   ,   q   r   x   r   v   k   a   u   ,   n   q
0000060   f   u   g   t   o   ,   l   n   k   v   r   g   s   u   q   p
0000100  \0   j   n   u   d   m   n   y   ,   n   u   o   b   n   t  \0
0000120   o   n   ,   b   a   ,   x   s   r   r   o   ,   g   i   l   r
0000140   x   ,   u   j   v   u  \0   r   t   m   e   p   l   z   f   ,
0000160   y   j   b   j   i   v   a   z   j   j   ,   t   x   a   q   f
0000200   x   b   c   t   g   ,   k   b   b   q   ,   m   q   a   n   q
0000220  \0   a   r   j   c   s   u   o   z   n   n   ,   f   s   y   i
0000240   w   s   ,   k   c   r  \0   m   a   l   m   n   d   ,   b   d
0000260   q   k   i   ,   g   y   j   t   l   k   a   f  \0   b   b   y
0000300   l   f   r   z   ,   f   z   p   r   o   ,   q   p   y   g   ,
0000320   g   q   h   ,   z   c   p   m   e   w   v  \0   y   o   l   f
0000340   h   k   i   n   l   x   ,   b   q   x   s   p   f   v   x   w
0000360   e  \0   g   v   l   m   s   i   c   q   g   q   ,   m   a   o
0000400   w   n   b  \0   d   m   s   x   b   ,   t   y   ,   x   c   x
0000420   ,   a   j   s   s   r   x   i   y   ,   l   m   p   b   k   c
0000440  \0   y   i   ,   s   h   ,   u   a   t   s   y   x  \0   x   b
0000460   y   p   s   x   z   s   n   ,   g   c   m  \0   r   w   h   b
0000500   n   b   j   i   w   l   ,   o   l   a   g   r   a   h   ,   p
0000520   a   p   r   u   c   e   ,   f   s   r  \0   p   v   n   d   w
0000540   y   ,   s   m   o   j   x   o   p   p   ,   z   h   ,   b   w
0000560  \0   z   d   y   g   v   s   u   h   h   p   ,   m   l   x   x
0000600   g   j   ,   p   h   c   g   y   s   h  \0   i   b   b   g   c
0000620   g   e   i   e   w   ,   l   g   t   k   s   h   ,   s   n   v
0000640   ,   e   e   j   k   ,   e   s   h   g  \0   i   k   n   o   p
0000660   w   ,   n   a   g   v   u   s   o   b   e   ,   q   a   n   u
0000700   e   ,   g   h   b   a   q   h   d  \0   n   r   i   e   n   c
0000720   u   p   i   p   ,   d   f   o   h   n   e   h   b   a   o   ,
0000740   h   v   z   h   n   i   m   p  \0   g   i   g   ,   m   a   m
0000760   v   s  \0  \0  \0  \0  \0  \0  \0  \0  \0  \0  \0  \0  \0  \0
0001000
