0000000 025   t   n   l   y   n   ,   a   g   y   w  \0   h   b   i   l
0000020   y   ,   h   g   ,   b   w   r   j   q   i   t   x   i   j  \0
0000040   w   q   k   g   s   ,   e   p   x   z   w  \0   j   z   i   s
0000060   ,   a   u   b   s   f   u   c   y   t   k   ,   m   h   f   e
0000100   r   ,   x   j   r   o   g   t   m   h   ,   v   g   k   n   o
0000120   l   j   r  \0   l   h   ,   h   r   x   t   y   ,   z   r  \0
0000140   a   k   ,   i   d   y   s   f   t   y   ,   j   o   d   s   g
0000160   i   j   ,   p   x   a   i   x   t   g   c   t   x  \0   z   g
0000200   e   h   ,   e   z   r   y   a   j   h   o   m   b  \0   m   o
0000220   l   k   ,   t   h   k   z   ,   f   y   f   y   z   m   e   g
0000240   ,   j   i   q   j   k  \0   a   l   ,   x   h   i   ,   s   s
0000260  \0   b   p   m   m   u   m   r   v   l   f   ,   s   f   k   c
0000300   ,   t   m   v   ,   m   i   j   l   s   r   ,   k   l   c  \0
0000320   r   k   y   ,   x   r   j   i   x   k   c  \0   e   z   q   s
0000340   w   e   h   ,   p   s   x   g   r   j   r   v   h  \0   s   d
0000360   a   p   u   l   x   t   ,   a   x   t   g   x   l   z   v   p
0000400   g   ,   e   y   z   ,   r   j   f   m   q   k   b   k   ,   b
0000420   z   k   p   z   f   n   b   d   g  \0   r   i   x   j   q   ,
0000440   p   r   b   e   i   k   j   v   ,   u   w   n   j   z   p   v
0000460   q  \0   d   r   g   l   a   i   f   l   h   q   ,   j   h   s
0000500   l   ,   b   x   v   y   a   r   w   q   a   ,   h   w   o   x
0000520   z   t   q   f   f   q  \0   b   y   c   f   i   ,   x   t   v
0000540   a   q   s   a   t   ,   w   l   l   u   s  \0   p   i   d   f
0000560   n   k   ,   e   w   b   ,   a   g   l   k   f   e   h   g   ,
0000600   b   g   ,   k   f   c   x   z   u   h   l   l   p  \0   f   z
0000620   s   j   x   t   m   y   b   ,   k   g   f   r   m   c   u   v
0000640   t   ,   a   w   d   b   s   k   m   e   c   ,   y   j   b   q
0000660   s   z   l   h   x   m  \0   t   m   a   h   q   u   c   j   a
0000700   ,   h   f   f   a   s  \0   u   u   e   f   v   x   x   w   i
0000720   ,   v   v   n   c   q   b   e   ,   r   y   c   c  \0   k   i
0000740   m   m   a   f   ,   w   b   a   b   z   x   y   v   g   h  \0
0000760  \0  \0  \0  \0  \0  \0  \0  \0  \0  \0  \0  \0  \0  \0  \0  \0
0001000 026   u   v   t   x   a   ,   o   a   s   s   d   b   ,   l   p
0001020   q   l   ,   k   h   y   l   i   x   k   i   u   ,   p   n   v
0001040   l   j   o   k  \0   y   n   b   t   q   c   ,   d   r   o   o
0001060   o   ,   x   m   n   h   l   y   q   f   q   ,   t   m   v   e
0001100   c   f   p   j   ,   e   l   z   v   n   w   y   h   m   p  \0
0001120   m   j   ,   w   u   a   o   ,   r   v   u   f  \0   h   y   r
0001140   t   e   w   ,   f   t   ,   b   r   c   o   i   x   d   ,   i
0001160   f   t  \0   h   e   x   c   a   e   v   ,   l   v   u   g   b
0001200   q   k   g  \0   j   d   i   z   l   i   c   ,   q   i   b   v
0001220   q   ,   b   p   n   d   ,   k   g   g   h   d   n   i   v   ,
0001240   o   h  \0   k   s   z   x   a   b   i   s   l   l   ,   b   w
0001260   q   q   ,   u   j   x   c   ,   e   f   f   m   b   g   c   i
0001300   o   ,   u   g  \0   i   e   d   a   ,   p   q   t   n   g   j
0001320   y  \0   x   f   ,   b   m   u   p   p   a   t   x   q  \0   w
0001340   x   ,   e   d   q   h   u  \0   n   u   f   ,   u   i   u   t
0001360   p   j   u   d   ,   l   t   f   g   s   w   ,   m   s   c   b
0001400   z   f   t   g   z   ,   d   n   x  \0   u   u   i   n   l   r
0001420   k   ,   u   v   k   b   e   c   x  \0   s   j   r   r   ,   l
0001440   x   p   o   c   ,   l   m   q   f   h   y   t   s   r  \0   l
0001460   c   t   ,   g   w   m   n   m   e   w   g   x   m   ,   u   c
0001500   h   y   g   s   l   x   ,   u   x   ,   m   p   a   w   c  \0
0001520   r   l   n   e   ,   a   k   x   i   i   j   z   e   n   i   ,
0001540   u   a   ,   r   c   k   q   z   y   f   z  \0   e   o   b   p
0001560   b   f   ,   d   s   m   l   c   y   m   g  \0   l   h   x   ,
0001600   a   z   n   ,   z   o   w   a   k   g   g  \0   x   c   p   n
0001620   h   ,   b   t   l   ,   f   u   p   c   f   w   z   j   ,   a
0001640   y   q   b   m   o  \0   v   k   z   f   i   d   u   x   ,   e
0001660   y   e   p   a   l  \0   n   r   n   o   a   m   p   a   e   s
0001700   ,   t   u   o   o   f   p   t   p   v   p   ,   g   t  \0   l
0001720   m   z   w   f   p   n   t   d   p   ,   u   q   m   n   h   f
0001740   j   x  \0   m   q   f   h   f   r   p   b   e   d   ,   s   d
0001760   i   y   s   y   t   v   n   c   ,   f   o  \0  \0  \0  \0  \0
0002000 025   v   o   ,   s   f   y   i   k   h   q   ,   z   t   i   c
0002020   f   c   ,   p   a   x   p   ,   v   d   y   n   k   o   u  \0
0002040   i   i   e   n   g   ,   a   q   h   g   p   ,   q   r   h   s
0002060   x   y   v  \0   q   t   r   q   g   b   f   a   ,   r   l  \0
0002100   a   r   ,   c   h   v   ,   w   v   y   ,   e   r   n   d   o
0002120   l   r   e   f   k   ,   n   n   c   q   o   t   b   z  \0   q
0002140   h   e   a   c   o   y   a   n   o   ,   g   d  \0   p   a   a
0002160   w   k   x   j   ,   z   b   o   u   c   n   n   ,   f   u   m
0002200   f   y   ,   g   a   ,   u   h   v   y   q   r   p  \0   n   d
0002220   p   y   b   p   a   ,   j   c   e   ,   k   m   s   w   t   t
0002240   x   z   v   m  \0   k   u   t   b   l   m   t   y   p   ,   w
0002260   t   a   w  \0   b   r   k   l   d   e   k   ,   z   j   w   v
0002300   v   s   ,   h   m   q   j   x   c   ,   v   u   n  \0   p   q
0002320   x   b   ,   o   l   e   t   r   ,   q   r   z   m  \0   g   j
0002340   e   s   c   n   r   ,   s   o   c   h   h   p  \0   p   a   s
0002360   f   n   ,   z   e   ,   p   x   p   d   ,   m   j   v   s   b
0002400   z   i   u   h   ,   i   k   j   p   b   k   p  \0   h   w   z
0002420   g   v   g   ,   m   d   n   p   p   b   ,   m   t   b   n   b
0002440   x   u   f   f   g   ,   u   i   b   j   a  \0   w   n   z   t
0002460   t   x   f   z   k   ,   q   l  \0   h   x   p   k   ,   l   q
0002500   z   s   h   w  \0   h   c   y   a   b   m   ,   u   h   b   a
0002520   ,   o   w   y   ,   t   c   i  \0   v   n   f   n   ,   x   w
0002540   m   b   g   u   d   f   ,   e   t   a   b   a   c   b   ,   q
0002560   z  \0   s   m   c   n   f   z   a   k   m   ,   j   i   d   k
0002600   o   z   ,   t   x   u   o   y   ,   r   c   y   c   u   a   l
0002620   n   ,   z   r   h   h   q   j   t  \0   d   k   f   ,   b   g
0002640   f   w   d   ,   l   d   x   c   f   y   e   z   a   r   ,   u
0002660   t   g   e   a   x   n   t   b   p  \0   w   o   p   e   t   l
0002700   i   v   ,   n   v   a   t   v   g   ,   v   a   l   r   t   s
0002720   ,   v   r   l  \0   c   p   g   b   f   v   ,   y   j   p   w
0002740   j   d   r   k   ,   m   s   u   h   s   g   a   n   y   ,   i
0002760   p   j  \0   y   t   v   n   c   ,   f   o  \0  \0  \0  \0  \0
0003000 027   n   q   q   ,   v   n   u   v   y   l   r   i   o   ,   s
0003020   o   ,   m   j   f   f   r   i   u   ,   g   d   i   r   e   r
0003040   e   w   h  \0   x   p   o   v   c   i   d   r   ,   x   h   r
0003060   ,   s   y   r  \0   l   c   o   q   k   f   w   ,   k   s   l
0003100   f   l   i   w   c   ,   y   m  \0   g   h   b   z   t   t   a
0003120   m   ,   i   x   h   x   q   u   c   m   ,   o   f   j   v   s
0003140   s   r   w   y  \0   h   j   r   q   k   s   j   ,   s   v   l
0003160   ,   v   u   a   n   o   e   z   k   t   ,   w   o   b   o   i
0003200   x   o   a   i  \0   b   o   w   v   z   ,   q   v   n   t   s
0003220   h   v   f   y   ,   g   k   ,   n   g   j   o   u   r   n   ,
0003240   t   x   g   c   a   u  \0   v   a   ,   q   p   j   k   z  \0
0003260   x   f   y   h   a   n   o   l   d   ,   e   s   t   x   q   b
0003300  \0   x   a   q   ,   c   g   l   ,   p   x   r   v   p   o   b
0003320   p   x   b  \0   o   h   w   s   z   r   p   r   ,   q   k   r
0003340   q   c   l  \0   y   n   ,   w   e   y   n   ,   z   c   r   c
0003360   g   d   q  \0   k   m   s   ,   e   o   ,   o   h   i   s   s
0003400   ,   d   r   ,   g   p   u   e   c  \0   e   h   j   k   m   z
0003420   x   ,   l   l   j   k   p  \0   f   e   ,   y   x   m   ,   q
0003440   c   j   f   y  \0   o   s   p   y   b   b   m   c   y   ,   n
0003460   l   l   z   ,   j   d   g   p  \0   o   b   k   ,   f   t   l
0003500   g   j   w   w   d  \0   f   m   j   j   m   l   z   y   y   ,
0003520   z   h   d   h   z   s   o   n   v   ,   u   a   v   f   ,   e
0003540   c   f   ,   p   b   p   c   k   a   o   v   z   m  \0   n   d
0003560   f   v   c   z   l   s   u   ,   m   x   i   r   f   n   v   m
0003600   ,   l   o   m   p   y   o   d   w   q   ,   q   s   h   v  \0
0003620   a   x   p   s   t   c   e   q   l   ,   y   y   ,   k   x   i
0003640  \0   x   x   z   c   t   ,   w   l  \0   i   h   i   i   g   y
0003660   ,   z   a   ,   s   l   e   q   l   b   a   i   j  \0   g   a
0003700   v   ,   t   k   h   g   s   l   o   b   ,   x   h   t   z   g
0003720   u   g  \0   m   q   v   n   t   f   y   u   ,   e   u   u   q
0003740   ,   g   x   ,   a   i   l   b   e  \0   g   a   n   y   ,   i
0003760   p   j  \0   y   t   v   n   c   ,   f   o  \0  \0  \0  \0  \0
0004000 024   x   k   r   t   s   r   d   g   ,   y   v   f   d   t   z
0004020   e   z   v   ,   p   m   h   n   j   h   ,   w   j   d   h  \0
0004040   t   k   w   n   ,   z   v   q   z   q   v   d   l   ,   h   m
0004060   r   k   b   f   r   q   q   ,   q   m   l   v   v   f   ,   q
0004100   r   x   d  \0   a   l   y   s   ,   d   d   c   m   r   v   w
0004120   ,   a   n   l   q   q   d   f   b   z  \0   z   r   a   ,   w
0004140   x   z   z   l   z   r   t   c  \0   o   o   t   n   j   w   c
0004160   ,   o   s   a   t   u   b   w   c   d   p   ,   d   n   a   c
0004200   m   l   ,   e   e   d   d   c   u   ,   y   h   d   u   j   c
0004220   k   e  \0   a   g   c   c   l   r   f   o   ,   h   r   t   u
0004240   s   z   y   y   c  \0   v   b   b   ,   x   m   c   h   s   h
0004260   n   s   ,   p   v   a   i   c   q   p   l   h   i   ,   c   j
0004300   d   c   l   g   ,   i   j   z   j   g   l   l   o   e   s  \0
0004320   h   t   t   ,   b   v   a   s   g   j   ,   l   l   l   r  \0
0004340   z   l   h   j   k   q   p   y   ,   d   e   u   h   c   b   a
0004360   w   ,   d   t   n   y   c   w   a   p   k   ,   i   z   m   i
0004400   n   v   t   z   l   i   ,   n   o   d   j   x   g   m   x   e
0004420  \0   z   m   c   b   j   f   t   t   t   b   ,   h   l   ,   d
0004440   e   j   o   n   i   d   d   m   o  \0   b   z   a   c   d   z
0004460   p   g   d   ,   l   w   v   g   z   p   n   ,   z   s   r   i
0004500   h   g   q   ,   j   e   d   l   y   e   m  \0   q   a   x   y
0004520   f   z   j   d   u   ,   c   m   e   p   l   x   h   v  \0   l
0004540   u   ,   s   x   m   ,   d   z   t   m   ,   v   l   p   a   l
0004560   a  \0   p   h   t   v   ,   g   s   g   b   a   x   p   v   w
0004600   ,   s   l   ,   w   k   u   k   ,   p   v   s   p   i  \0   q
0004620   j   c   l   e   b   s   z   j   ,   z   g  \0   f   t   ,   q
0004640   v   n   ,   p   x   f   h   u   x   y   ,   p   t   v   y   x
0004660   g   e  \0   d   j   w   f   r   i   b   w   e   ,   o   z   f
0004700   s   q   e   x  \0   u   w   c   l   r   z   l   o   ,   q   o
0004720   i   v   x   g   a   q   q   ,   n   u   w   d   v  \0   m   g
0004740   ,   l   f   q   j   j   d   c   k   p   q  \0   g   a   c   ,
0004760   i   f   w  \0   t   v   n   c   ,   f   o  \0  \0  \0  \0  \0
0005000 024   j   v   h   o   ,   j   k   e   s   g   s   z   w   b   ,
0005020   b   e   v   q   w   n   z   ,   p   e  \0   j   g   y   u   r
0005040   t   b   ,   l   n   q   q   h   w   i   g   u   l   ,   w   r
0005060   p   o   q   ,   o   v   s   u   f   r   f  \0   z   d   i   c
0005100   ,   u   r   c  \0   a   w   ,   x   h   y   t   b   p   j   r
0005120   ,   z   o   ,   t   t   f   y   f   v   z  \0   e   w   b   v
0005140   a   n   w   d   l   d   ,   v   d   v   w   t   ,   p   l   g
0005160   d   z   z   ,   e   a   e   b   z   r   ,   f   p   k  \0   a
0005200   z   t   l   c   v   g   f   ,   e   y   u   t   l   a   ,   m
0005220   c   v   t   c   b   u   d   s   ,   j   h   ,   m   z   o   n
0005240   u   z   p   p   g  \0   k   x   c   ,   k   e   ,   x   g   z
0005260   q   k   a   k   ,   s   o   z   c   c   n  \0   a   y   r   r
0005300   n   x   n   v   k   k   ,   s   v   b   ,   u   k   w  \0   y
0005320   w   m   r   m   l   v   ,   a   y   g   ,   w   y   t   m   x
0005340   j   h   ,   t   g   b   q   j   a   k   t   w  \0   u   v   c
0005360   n   h   q   k   ,   s   j   e   v   h   e   o   t   ,   z   c
0005400   l   v   i   ,   l   s   p   y   n  \0   f   j   ,   k   z   b
0005420   a   j   z   ,   u   f  \0   k   g   x   m   ,   a   z   a   i
0005440   q   o   ,   f   o   q   u   k  \0   e   h   d   f   j   ,   g
0005460   e   j   l   t   n   v   b   ,   j   j   k   j   j   v   z   z
0005500   z   h  \0   b   y   p   f   e   w   k   l   ,   z   r   k   i
0005520   c   f   x   ,   j   h   j   s   u   u   d  \0   d   q   d   q
0005540   i   e   q   x   m   ,   t   w   h   b   v   ,   n   f   d   v
0005560   c   d   e   m   o   y  \0   b   x   f   ,   p   i   ,   x   o
0005600   p   w   a   m   q   z   t   t   ,   u   h   e   x   e   g  \0
0005620   u   q   g   a   b   ,   z   g   q   p   q   n   ,   f   c   l
0005640   h   q   d   g   k   w   ,   e   f   h  \0   p   f   t   ,   x
0005660   b   m   z   l   ,   f   b   f   w   q   t   d   u   g  \0   j
0005700   r   v   i   ,   b   n   f   e   z   u   l   u   g  \0   v   h
0005720   j   j   ,   m   q   l   c   j   o   ,   q   y   h   b   ,   e
0005740   j   n   h   z   s  \0   d   c   k   p   q  \0   g   a   c   ,
0005760   i   f   w  \0   t   v   n   c   ,   f   o  \0  \0  \0  \0  \0
0006000 023   p   a   u   v   j   s   ,   s   b   b   h   n   r   s   p
0006020   ,   i   o   v   j   x   w   a   e   i   o  \0   i   b   j   x
0006040   b   d   ,   m   w   n   f   z   r   m   n   k   ,   e   p   p
0006060   u   ,   y   s   ,   z   y   t   p   l   c  \0   l   z   ,   q
0006100   u   c   m   j   j   o   c   w   ,   p   d   h   g   u   c   t
0006120   t   ,   c   u   u   x   ,   h   z   k   w  \0   m   c   ,   q
0006140   r   p   a   ,   t   y   i   ,   d   r   r   x   v   k  \0   o
0006160   m   n   l   v   ,   m   i   t   y   r   f   c   x   x   t   ,
0006200   x   a   h   x   k   s   a   c   j   ,   z   t   q   t  \0   i
0006220   u   a   ,   g   i   y   g   a   d   i   ,   d   e   l  \0   s
0006240   y   r   ,   a   v   ,   y   u   ,   r   n   x   u   w  \0   b
0006260   z   f   c   f   h   f   q   e   k   ,   r   l   c   j   l   ,
0006300   w   n   q   t   m   ,   k   d   a   h   ,   y   b   v   c   c
0006320   a   e   i   h  \0   n   w   ,   e   j   y   ,   w   u   o   j
0006340   m   h   x   z   r  \0   b   b   a   e   x   e   g   z   ,   q
0006360   j   u   q   y   ,   m   f   b   l   ,   x   h   l   i  \0   g
0006400   t   o   i   ,   p   k   ,   t   j   c   ,   k   m   s   ,   i
0006420   i  \0   v   z   d   i   w   c   p   j   l   i   ,   r   d   ,
0006440   b   a   i   n   y   b   y   c   d   ,   o   x   e  \0   a   x
0006460   c   z   b   k   ,   d   b   i   q   m   m   j   p   f   l   ,
0006500   o   a   o   r   z   q   w   k   g  \0   d   b   p   b   d   ,
0006520   e   q   q   j   r   ,   c   d   m   l   t   u   y   ,   k   b
0006540   b   d   a   t   ,   k   z   v   a   d   y   p   g   c   i  \0
0006560   y   v   j   y   x   p   l   l   i   f   ,   t   p   m   ,   s
0006600   m   ,   u   y   o   s   z  \0   q   x   u   y   j   m   y   h
0006620   y   x   ,   n   k   r   ,   r   f   s   g   r   o   a   ,   d
0006640   x   e   t   ,   d   l   h   u  \0   u   w   ,   v   f   s   s
0006660   l   h   e   f  \0   k   y   d   d   o   f   j   ,   c   o   n
0006700   t   ,   a   d   n   m   h   ,   k   z   f   p   s   z  \0   f
0006720   k   g   a   w   ,   d   z   v   i   j   ,   n   z   f   i   s
0006740   f   ,   i   u   u   s   e   u   ,   w   o   a   b   p   f  \0
0006760   i   f   w  \0   t   v   n   c   ,   f   o  \0  \0  \0  \0  \0
0007000 025   h   j   e   k   k   b   u   t   ,   j   u   z   s   n   g
0007020   d   ,   a   a   p   f   u   q   d   k   q  \0   x   p   ,   e
0007040   a   f   q   k   i   m   g   b   ,   a   a   o   p   h   ,   k
0007060   j   t  \0   p   r   t   ,   j   x   d   g   o   e   m   o   j
0007100   c   ,   r   p   f   u   l   h   v  \0   e   w   j   n   s   n
0007120   e   j   g   z   ,   q   x   q   y   n   u   ,   c   f   n   d
0007140   y   e   k   s   p   t  \0   q   v   r   ,   j   j   p   p   u
0007160   v   o   ,   l   n   x   m   b  \0   f   a   m   k   y   r   u
0007200   ,   i   n   k   d   g   g   u   i   r   ,   x   g   z   u   w
0007220   h   i   k   ,   u   n   a   t   s   a   h   ,   b   y   y   w
0007240   j   n   g   m  \0   g   f   ,   n   c   l   m   z   i   v   ,
0007260   u   c   d   j   e   w   d   g   d   h  \0   h   f   n   w   m
0007300   b   s   y   j   ,   e   w   c   p   i   b   ,   e   k   t   i
0007320   n   e  \0   h   u   o   o   e   u   x   ,   h   u   v   k   m
0007340   w   t   l   a  \0   p   a   s   ,   e   c   k   o   ,   r   c
0007360   a   y   ,   r   p   a   l   m   ,   v   g   f   f   u  \0   i
0007400   d   q   ,   t   q   ,   k   w   ,   w   k   ,   n   m   o  \0
0007420   h   d   l   ,   p   v   q  \0   x   u   ,   y   c   k   p   c
0007440   f   f   u   r   c   ,   n   o   e   d   d   t   ,   o   c   u
0007460   z   x   l   x  \0   c   l   ,   k   l   k   w   a   m   b   g
0007500   i   ,   k   b  \0   f   l   d   a   c   r   d   y   t   ,   j
0007520   s   q   v   u  \0   g   o   l   d   p   a   g   x   k   ,   j
0007540   l   j   j   t   w   n   v   ,   g   y   y   ,   b   h   r   r
0007560   c   n   w   f   u   k   ,   z   b  \0   a   f   g   j   t   r
0007600   v   ,   p   i   h   p   o   i   p   q   l   z   ,   e   b  \0
0007620   j   t   k   c   u   o   x   ,   o   c   i   a   v   b   v   ,
0007640   t   d   r   k   t  \0   j   k   z   ,   o   c   s   q   l   n
0007660   ,   n   h   q   k   i   f   p   s   ,   k   u   a   u   n   f
0007700   ,   z   y   m  \0   y   a   f   o   ,   z   e   q   m   g   e
0007720   v   x   q   d   ,   f   w   j   q   s   l   m  \0   x   g   s
0007740   ,   g   c   j   g   ,   x   l   i   b   c   ,   h   i   r   e
0007760   y   x   i   g   v   t   ,   n   g   k   u   y   h  \0  \0  \0
0010000 024   s   k   v   b   t   f   ,   e   n   b   i  \0   q   f   p
0010020   r   c   ,   x   x   t   v   m   z   f  \0   o   l   p   i   v
0010040   k   l   ,   r   l   v   h   m   d   t   w   w  \0   n   d   l
0010060   k   c   e   ,   p   d   m   z   d   c   m   u   ,   k   f   x
0010100   a   y   i   ,   f   w  \0   s   x   z   g   k   c   ,   w   e
0010120   v   d   v   a   r   v   e   ,   h   y   f   r   f   e   ,   e
0010140   m   p   l   k   s   m   c   p   l   ,   b   p   b   x  \0   c
0010160   r   z   ,   o   f   o   x   d   ,   p   l   ,   j   r   l   a
0010200   e   v   t   ,   a   k   d   k   m  \0   l   q   k   o   ,   j
0010220   j   x   o   y   u   ,   v   j   h   v   ,   a   i  \0   g   q
0010240   v   i   a   y   s   o   t   e   ,   j   r   q   ,   a   z   p
0010260   r   z   l   n   x   x  \0   r   w   ,   o   a   i   e   v   s
0010300   h   w   ,   v   r   r   v   a   i   n   u   l   ,   l   c   q
0010320   w  \0   t   n   h   n   j   k   ,   j   u   i   h   ,   p   d
0010340   a   m   u   r   i   w   a  \0   n   m   d   p   ,   b   i   q
0010360   x   v   y   k   e   i   ,   p   e   x   w   r   o   z   r  \0
0010400   l   l   ,   n   i   ,   a   x  \0   a   s   z   q   r   u   q
0010420   d   ,   a   s   p   f   q  \0   g   n   s   h   j   d   u   c
0010440   q   d   ,   q   c   e   j   c   y   i   u   r   e   ,   u   e
0010460   n   ,   v   u   f   h   t   l   x   n   v  \0   p   k   i   u
0010500   ,   a   w   h   j   y   h   r   v   z   v   ,   t   b   v   i
0010520   w   s   n   g   ,   b   f   a   w   n   q   l   x   a  \0   a
0010540   e   h   ,   f   q   c   a   p   z   k   l   a   ,   v   y   z
0010560   l   e   k   m   j   m   i   ,   c   v   w   e   f   y   e   k
0010600  \0   r   x   r   t   p   q   d   a   ,   k   v   r   ,   g   v
0010620   w   u   h   j   e   f  \0   d   s   h   b   w   ,   i   o   ,
0010640   g   f   f   v   y   i  \0   v   u   j   f   ,   h   b   x   o
0010660   m   ,   v   a   g   z   ,   n   a   q   h   l   e   t   r   ,
0010700   z   o   m   j   n  \0   h   o   j   k   v   n   ,   l   z   o
0010720   g   b   u  \0   ,   f   w   j   q   s   l   m  \0   x   g   s
0010740   ,   g   c   j   g   ,   x   l   i   b   c   ,   h   i   r   e
0010760   y   x   i   g   v   t   ,   n   g   k   u   y   h  \0  \0  \0
0011000  \r   j   k   m   s   v   s   o   o   e   n   ,   s   y   r   x
0011020   f   y   l   ,   l   i   d   x   t   f   l   b   i   ,   j   e
0011040   q   t   q   l   q   k   z   ,   r   o   i   j   m  \0   r   z
0011060   t   i   k   b   n   j   ,   u   u   y   d   ,   j   h   w   e
0011100   ,   h   u   j   g   a   a   w   i   ,   i   j   s   c   i  \0
0011120   v   n   b   e   k   w   b   k   ,   e   t   i   a  \0   j   v
0011140   s   p   v   v   ,   d   h   w   m   b   a   w   ,   o   r   d
0011160   p   w   p   n   ,   z   o   ,   u   y   g   v   h  \0   c   h
0011200   l   x   u   q   g   s   e   ,   s   c   x   i   u   a   y   s
0011220   p   n   ,   q   e   u   m   c   c   h   m   s  \0   z   k   p
0011240   v   c   v   ,   i   e   g   k   b   p   g   d   p   ,   u   c
0011260  \0   i   o   y   l   q   f   z   i   e   p   ,   q   g   f   u
0011300   b   t   c   h   b   p   ,   s   v   m   h   w   j   m   n   t
0011320   w  \0   j   s   z   i   c   ,   z   m   w   ,   t   t   ,   m
0011340   x   q   n   m   z   ,   k   n   r   i   w   f  \0   c   z   m
0011360   l   t   n   w   x   t   v   ,   s   d   e   n   l   q   k   ,
0011400   g   x   e   o   j   u   f   r   q  \0   k   p   n   y   a   i
0011420   o   w   g   ,   u   r   d   x   w   q   k   o   ,   o   u   a
0011440   u   k   j   o   s   a   h  \0   r   u   e   s   w   m   g   ,
0011460   u   p   n   o   t   m   m   ,   y   a   m   ,   x   m   j   j
0011500   ,   x   b   v   e   g  \0   c   q   q   z   e   y   u   b   n
0011520   h   ,   i   v   d   u   t   d   g   i   c   t  \0   o   q   p
0011540   m   ,   y   a   v   a   s   n   b   w   ,   v   z   a   e   q
0011560   l   ,   t   f   v   x   l   d   b   e   ,   n   v   m   d   j
0011600   j   d   j   g  \0   p   q   d   a   ,   k   v   r   ,   g   v
0011620   w   u   h   j   e   f  \0   d   s   h   b   w   ,   i   o   ,
0011640   g   f   f   v   y   i  \0   v   u   j   f   ,   h   b   x   o
0011660   m   ,   v   a   g   z   ,   n   a   q   h   l   e   t   r   ,
0011700   z   o   m   j   n  \0   h   o   j   k   v   n   ,   l   z   o
0011720   g   b   u  \0   ,   f   w   j   q   s   l   m  \0   x   g   s
0011740   ,   g   c   j   g   ,   x   l   i   b   c   ,   h   i   r   e
0011760   y   x   i   g   v   t   ,   n   g   k   u   y   h  \0  \0  \0
0012000
